[2026-06-02 01:50:34,383] multiqc                                            [DEBUG  ]  This is MultiQC v1.12
[2026-06-02 01:50:34,384] multiqc                                            [DEBUG  ]  No MultiQC config found: /modules/uri_apps/software/MultiQC/1.12-foss-2021b/lib/python3.9/site-packages/multiqc_config.yaml
[2026-06-02 01:50:34,385] multiqc                                            [DEBUG  ]  No MultiQC config found: /home/zdellaert_uri_edu/.multiqc_config.yaml
[2026-06-02 01:50:34,385] multiqc                                            [DEBUG  ]  No MultiQC config found: multiqc_config.yaml
[2026-06-02 01:50:34,385] multiqc                                            [DEBUG  ]  Command used: /modules/uri_apps/software/MultiQC/1.12-foss-2021b/bin/multiqc --interactive .
[2026-06-02 01:50:34,839] multiqc                                            [WARNING]  MultiQC Version v1.35 now available!
[2026-06-02 01:50:34,839] multiqc                                            [DEBUG  ]  Command     : /modules/uri_apps/software/MultiQC/1.12-foss-2021b/bin/multiqc --interactive .
[2026-06-02 01:50:34,839] multiqc                                            [DEBUG  ]  Working dir : /project/pi_hputnam_uri_edu/zdellaert/Porites_LCM_test/output_RNA/raw_qc
[2026-06-02 01:50:34,839] multiqc                                            [DEBUG  ]  Template    : default
[2026-06-02 01:50:34,839] multiqc                                            [DEBUG  ]  Running Python 3.9.6 (default, Nov 15 2024, 16:57:16)  [GCC 11.2.0]
[2026-06-02 01:50:34,840] multiqc                                            [DEBUG  ]  Analysing modules: custom_content, ccs, ngsderive, purple, conpair, lima, peddy, somalier, methylQA, mosdepth, phantompeakqualtools, qualimap, preseq, quast, qorts, rna_seqc, rockhopper, rsem, rseqc, busco, bustools, goleft_indexcov, gffcompare, disambiguate, supernova, deeptools, sargasso, verifybamid, mirtrace, happy, mirtop, sambamba, homer, hops, macs2, theta2, snpeff, gatk, htseq, bcftools, featureCounts, fgbio, dragen, dedup, pbmarkdup, damageprofiler, biobambam2, jcvi, mtnucratio, picard, vep, sentieon, prokka, qc3C, nanostat, samblaster, samtools, sexdeterrmine, eigenstratdatabasetools, bamtools, jellyfish, vcftools, longranger, stacks, varscan2, snippy, bbmap, bismark, biscuit, hicexplorer, hicup, hicpro, salmon, kallisto, slamdunk, star, hisat2, tophat, bowtie2, bowtie1, snpsplit, odgi, pangolin, kat, leehom, adapterRemoval, clipandmerge, cutadapt, flexbar, kaiju, kraken, malt, trimmomatic, sickle, skewer, sortmerna, biobloomtools, fastq_screen, afterqc, fastp, fastqc, pychopper, pycoqc, minionqc, multivcfanalyzer, clusterflow, checkqc, bcl2fastq, bclconvert, interop, ivar, flash, seqyclean, optitype, whatshap
[2026-06-02 01:50:34,841] multiqc                                            [DEBUG  ]  Using temporary directory for creating report: /tmp/tmpeoctaki1
[2026-06-02 01:50:35,131] multiqc                                            [INFO   ]  Search path : /project/pi_hputnam_uri_edu/zdellaert/Porites_LCM_test/output_RNA/raw_qc
[2026-06-02 01:50:35,183] multiqc                                            [DEBUG  ]  File ignored by ccs/v4 because it exceeded search pattern filesize limit: POR_13_S81_R2_001_fastqc.html
[2026-06-02 01:50:35,190] multiqc                                            [DEBUG  ]  File ignored by hicexplorer because it exceeded search pattern filesize limit: POR_13_S81_R2_001_fastqc.html
[2026-06-02 01:50:35,191] multiqc                                            [DEBUG  ]  File ignored by lima/summary because it exceeded search pattern filesize limit: POR_13_S81_R2_001_fastqc.html
[2026-06-02 01:50:35,205] multiqc                                            [DEBUG  ]  File ignored by vep/vep_txt because it exceeded search pattern filesize limit: POR_13_S81_R2_001_fastqc.html
[2026-06-02 01:50:35,206] multiqc                                            [DEBUG  ]  File ignored by longranger/invocation because it exceeded search pattern filesize limit: POR_13_S81_R2_001_fastqc.html
[2026-06-02 01:50:35,206] multiqc                                            [DEBUG  ]  File ignored by rockhopper because it exceeded search pattern filesize limit: POR_13_S81_R2_001_fastqc.html
[2026-06-02 01:50:35,206] multiqc                                            [DEBUG  ]  File ignored by rseqc/bam_stat because it exceeded search pattern filesize limit: POR_13_S81_R2_001_fastqc.html
[2026-06-02 01:50:35,206] multiqc                                            [DEBUG  ]  File ignored by rseqc/junction_annotation because it exceeded search pattern filesize limit: POR_13_S81_R2_001_fastqc.html
[2026-06-02 01:50:35,206] multiqc                                            [DEBUG  ]  File ignored by rseqc/read_distribution because it exceeded search pattern filesize limit: POR_13_S81_R2_001_fastqc.html
[2026-06-02 01:50:35,206] multiqc                                            [DEBUG  ]  File ignored by rseqc/infer_experiment because it exceeded search pattern filesize limit: POR_13_S81_R2_001_fastqc.html
[2026-06-02 01:50:35,257] multiqc                                            [DEBUG  ]  File ignored by nanostat because it exceeded search pattern filesize limit: POR_13_S81_R2_001_fastqc.html
[2026-06-02 01:50:35,276] multiqc                                            [DEBUG  ]  File ignored by ccs/v4 because it exceeded search pattern filesize limit: POR_13_S81_R1_001_fastqc.html
[2026-06-02 01:50:35,282] multiqc                                            [DEBUG  ]  File ignored by hicexplorer because it exceeded search pattern filesize limit: POR_13_S81_R1_001_fastqc.html
[2026-06-02 01:50:35,282] multiqc                                            [DEBUG  ]  File ignored by lima/summary because it exceeded search pattern filesize limit: POR_13_S81_R1_001_fastqc.html
[2026-06-02 01:50:35,294] multiqc                                            [DEBUG  ]  File ignored by vep/vep_txt because it exceeded search pattern filesize limit: POR_13_S81_R1_001_fastqc.html
[2026-06-02 01:50:35,294] multiqc                                            [DEBUG  ]  File ignored by longranger/invocation because it exceeded search pattern filesize limit: POR_13_S81_R1_001_fastqc.html
[2026-06-02 01:50:35,294] multiqc                                            [DEBUG  ]  File ignored by rockhopper because it exceeded search pattern filesize limit: POR_13_S81_R1_001_fastqc.html
[2026-06-02 01:50:35,294] multiqc                                            [DEBUG  ]  File ignored by rseqc/bam_stat because it exceeded search pattern filesize limit: POR_13_S81_R1_001_fastqc.html
[2026-06-02 01:50:35,294] multiqc                                            [DEBUG  ]  File ignored by rseqc/junction_annotation because it exceeded search pattern filesize limit: POR_13_S81_R1_001_fastqc.html
[2026-06-02 01:50:35,294] multiqc                                            [DEBUG  ]  File ignored by rseqc/read_distribution because it exceeded search pattern filesize limit: POR_13_S81_R1_001_fastqc.html
[2026-06-02 01:50:35,295] multiqc                                            [DEBUG  ]  File ignored by rseqc/infer_experiment because it exceeded search pattern filesize limit: POR_13_S81_R1_001_fastqc.html
[2026-06-02 01:50:35,344] multiqc                                            [DEBUG  ]  File ignored by nanostat because it exceeded search pattern filesize limit: POR_13_S81_R1_001_fastqc.html
[2026-06-02 01:50:35,362] multiqc                                            [DEBUG  ]  File ignored by ccs/v4 because it exceeded search pattern filesize limit: POR_34_S82_R2_001_fastqc.html
[2026-06-02 01:50:35,368] multiqc                                            [DEBUG  ]  File ignored by hicexplorer because it exceeded search pattern filesize limit: POR_34_S82_R2_001_fastqc.html
[2026-06-02 01:50:35,369] multiqc                                            [DEBUG  ]  File ignored by lima/summary because it exceeded search pattern filesize limit: POR_34_S82_R2_001_fastqc.html
[2026-06-02 01:50:35,382] multiqc                                            [DEBUG  ]  File ignored by vep/vep_txt because it exceeded search pattern filesize limit: POR_34_S82_R2_001_fastqc.html
[2026-06-02 01:50:35,383] multiqc                                            [DEBUG  ]  File ignored by longranger/invocation because it exceeded search pattern filesize limit: POR_34_S82_R2_001_fastqc.html
[2026-06-02 01:50:35,383] multiqc                                            [DEBUG  ]  File ignored by rockhopper because it exceeded search pattern filesize limit: POR_34_S82_R2_001_fastqc.html
[2026-06-02 01:50:35,383] multiqc                                            [DEBUG  ]  File ignored by rseqc/bam_stat because it exceeded search pattern filesize limit: POR_34_S82_R2_001_fastqc.html
[2026-06-02 01:50:35,383] multiqc                                            [DEBUG  ]  File ignored by rseqc/junction_annotation because it exceeded search pattern filesize limit: POR_34_S82_R2_001_fastqc.html
[2026-06-02 01:50:35,383] multiqc                                            [DEBUG  ]  File ignored by rseqc/read_distribution because it exceeded search pattern filesize limit: POR_34_S82_R2_001_fastqc.html
[2026-06-02 01:50:35,383] multiqc                                            [DEBUG  ]  File ignored by rseqc/infer_experiment because it exceeded search pattern filesize limit: POR_34_S82_R2_001_fastqc.html
[2026-06-02 01:50:35,435] multiqc                                            [DEBUG  ]  File ignored by nanostat because it exceeded search pattern filesize limit: POR_34_S82_R2_001_fastqc.html
[2026-06-02 01:50:35,453] multiqc                                            [DEBUG  ]  File ignored by ccs/v4 because it exceeded search pattern filesize limit: POR_61_S83_R1_001_fastqc.html
[2026-06-02 01:50:35,459] multiqc                                            [DEBUG  ]  File ignored by hicexplorer because it exceeded search pattern filesize limit: POR_61_S83_R1_001_fastqc.html
[2026-06-02 01:50:35,460] multiqc                                            [DEBUG  ]  File ignored by lima/summary because it exceeded search pattern filesize limit: POR_61_S83_R1_001_fastqc.html
[2026-06-02 01:50:35,474] multiqc                                            [DEBUG  ]  File ignored by vep/vep_txt because it exceeded search pattern filesize limit: POR_61_S83_R1_001_fastqc.html
[2026-06-02 01:50:35,475] multiqc                                            [DEBUG  ]  File ignored by longranger/invocation because it exceeded search pattern filesize limit: POR_61_S83_R1_001_fastqc.html
[2026-06-02 01:50:35,475] multiqc                                            [DEBUG  ]  File ignored by rockhopper because it exceeded search pattern filesize limit: POR_61_S83_R1_001_fastqc.html
[2026-06-02 01:50:35,475] multiqc                                            [DEBUG  ]  File ignored by rseqc/bam_stat because it exceeded search pattern filesize limit: POR_61_S83_R1_001_fastqc.html
[2026-06-02 01:50:35,475] multiqc                                            [DEBUG  ]  File ignored by rseqc/junction_annotation because it exceeded search pattern filesize limit: POR_61_S83_R1_001_fastqc.html
[2026-06-02 01:50:35,475] multiqc                                            [DEBUG  ]  File ignored by rseqc/read_distribution because it exceeded search pattern filesize limit: POR_61_S83_R1_001_fastqc.html
[2026-06-02 01:50:35,475] multiqc                                            [DEBUG  ]  File ignored by rseqc/infer_experiment because it exceeded search pattern filesize limit: POR_61_S83_R1_001_fastqc.html
[2026-06-02 01:50:35,525] multiqc                                            [DEBUG  ]  File ignored by nanostat because it exceeded search pattern filesize limit: POR_61_S83_R1_001_fastqc.html
[2026-06-02 01:50:35,536] multiqc                                            [DEBUG  ]  File ignored by ccs/v4 because it exceeded search pattern filesize limit: POR_34_S82_R1_001_fastqc.html
[2026-06-02 01:50:35,537] multiqc                                            [DEBUG  ]  File ignored by hicexplorer because it exceeded search pattern filesize limit: POR_34_S82_R1_001_fastqc.html
[2026-06-02 01:50:35,537] multiqc                                            [DEBUG  ]  File ignored by lima/summary because it exceeded search pattern filesize limit: POR_34_S82_R1_001_fastqc.html
[2026-06-02 01:50:35,540] multiqc                                            [DEBUG  ]  File ignored by vep/vep_txt because it exceeded search pattern filesize limit: POR_34_S82_R1_001_fastqc.html
[2026-06-02 01:50:35,540] multiqc                                            [DEBUG  ]  File ignored by longranger/invocation because it exceeded search pattern filesize limit: POR_34_S82_R1_001_fastqc.html
[2026-06-02 01:50:35,540] multiqc                                            [DEBUG  ]  File ignored by rockhopper because it exceeded search pattern filesize limit: POR_34_S82_R1_001_fastqc.html
[2026-06-02 01:50:35,540] multiqc                                            [DEBUG  ]  File ignored by rseqc/bam_stat because it exceeded search pattern filesize limit: POR_34_S82_R1_001_fastqc.html
[2026-06-02 01:50:35,540] multiqc                                            [DEBUG  ]  File ignored by rseqc/junction_annotation because it exceeded search pattern filesize limit: POR_34_S82_R1_001_fastqc.html
[2026-06-02 01:50:35,540] multiqc                                            [DEBUG  ]  File ignored by rseqc/read_distribution because it exceeded search pattern filesize limit: POR_34_S82_R1_001_fastqc.html
[2026-06-02 01:50:35,540] multiqc                                            [DEBUG  ]  File ignored by rseqc/infer_experiment because it exceeded search pattern filesize limit: POR_34_S82_R1_001_fastqc.html
[2026-06-02 01:50:35,585] multiqc                                            [DEBUG  ]  File ignored by nanostat because it exceeded search pattern filesize limit: POR_34_S82_R1_001_fastqc.html
[2026-06-02 01:50:35,601] multiqc                                            [DEBUG  ]  File ignored by ccs/v4 because it exceeded search pattern filesize limit: POR_61_S83_R2_001_fastqc.html
[2026-06-02 01:50:35,607] multiqc                                            [DEBUG  ]  File ignored by hicexplorer because it exceeded search pattern filesize limit: POR_61_S83_R2_001_fastqc.html
[2026-06-02 01:50:35,608] multiqc                                            [DEBUG  ]  File ignored by lima/summary because it exceeded search pattern filesize limit: POR_61_S83_R2_001_fastqc.html
[2026-06-02 01:50:35,619] multiqc                                            [DEBUG  ]  File ignored by vep/vep_txt because it exceeded search pattern filesize limit: POR_61_S83_R2_001_fastqc.html
[2026-06-02 01:50:35,620] multiqc                                            [DEBUG  ]  File ignored by longranger/invocation because it exceeded search pattern filesize limit: POR_61_S83_R2_001_fastqc.html
[2026-06-02 01:50:35,620] multiqc                                            [DEBUG  ]  File ignored by rockhopper because it exceeded search pattern filesize limit: POR_61_S83_R2_001_fastqc.html
[2026-06-02 01:50:35,620] multiqc                                            [DEBUG  ]  File ignored by rseqc/bam_stat because it exceeded search pattern filesize limit: POR_61_S83_R2_001_fastqc.html
[2026-06-02 01:50:35,620] multiqc                                            [DEBUG  ]  File ignored by rseqc/junction_annotation because it exceeded search pattern filesize limit: POR_61_S83_R2_001_fastqc.html
[2026-06-02 01:50:35,620] multiqc                                            [DEBUG  ]  File ignored by rseqc/read_distribution because it exceeded search pattern filesize limit: POR_61_S83_R2_001_fastqc.html
[2026-06-02 01:50:35,620] multiqc                                            [DEBUG  ]  File ignored by rseqc/infer_experiment because it exceeded search pattern filesize limit: POR_61_S83_R2_001_fastqc.html
[2026-06-02 01:50:35,670] multiqc                                            [DEBUG  ]  File ignored by nanostat because it exceeded search pattern filesize limit: POR_61_S83_R2_001_fastqc.html
[2026-06-02 01:50:37,930] multiqc.plots.linegraph                            [DEBUG  ]  Using matplotlib version 3.4.3
[2026-06-02 01:50:37,937] multiqc.plots.bargraph                             [DEBUG  ]  Using matplotlib version 3.4.3
[2026-06-02 01:50:38,786] multiqc.modules.fastqc.fastqc                      [INFO   ]  Found 6 reports
[2026-06-02 01:50:38,883] multiqc                                            [INFO   ]  Compressing plot data
[2026-06-02 01:50:39,018] multiqc                                            [INFO   ]  Report      : multiqc_report.html
[2026-06-02 01:50:39,018] multiqc                                            [INFO   ]  Data        : multiqc_data
[2026-06-02 01:50:39,018] multiqc                                            [DEBUG  ]  Moving data file from '/tmp/tmpeoctaki1/multiqc_data' to '/project/pi_hputnam_uri_edu/zdellaert/Porites_LCM_test/output_RNA/raw_qc/multiqc_data'
[2026-06-02 01:50:39,449] multiqc                                            [INFO   ]  MultiQC complete
