[2026-06-02 11:52:38,584] multiqc                                            [DEBUG  ]  This is MultiQC v1.12
[2026-06-02 11:52:38,584] multiqc                                            [DEBUG  ]  No MultiQC config found: /modules/uri_apps/software/MultiQC/1.12-foss-2021b/lib/python3.9/site-packages/multiqc_config.yaml
[2026-06-02 11:52:38,584] multiqc                                            [DEBUG  ]  No MultiQC config found: /home/zdellaert_uri_edu/.multiqc_config.yaml
[2026-06-02 11:52:38,585] multiqc                                            [DEBUG  ]  No MultiQC config found: multiqc_config.yaml
[2026-06-02 11:52:38,585] multiqc                                            [DEBUG  ]  Command used: /modules/uri_apps/software/MultiQC/1.12-foss-2021b/bin/multiqc --interactive .
[2026-06-02 11:52:38,992] multiqc                                            [WARNING]  MultiQC Version v1.35 now available!
[2026-06-02 11:52:38,993] multiqc                                            [DEBUG  ]  Command     : /modules/uri_apps/software/MultiQC/1.12-foss-2021b/bin/multiqc --interactive .
[2026-06-02 11:52:38,993] multiqc                                            [DEBUG  ]  Working dir : /project/pi_hputnam_uri_edu/zdellaert/Porites_LCM_test/output_RNA/trimmed_fastp_qc
[2026-06-02 11:52:38,993] multiqc                                            [DEBUG  ]  Template    : default
[2026-06-02 11:52:38,993] multiqc                                            [DEBUG  ]  Running Python 3.9.6 (default, Nov 15 2024, 16:57:16)  [GCC 11.2.0]
[2026-06-02 11:52:38,994] multiqc                                            [DEBUG  ]  Analysing modules: custom_content, ccs, ngsderive, purple, conpair, lima, peddy, somalier, methylQA, mosdepth, phantompeakqualtools, qualimap, preseq, quast, qorts, rna_seqc, rockhopper, rsem, rseqc, busco, bustools, goleft_indexcov, gffcompare, disambiguate, supernova, deeptools, sargasso, verifybamid, mirtrace, happy, mirtop, sambamba, homer, hops, macs2, theta2, snpeff, gatk, htseq, bcftools, featureCounts, fgbio, dragen, dedup, pbmarkdup, damageprofiler, biobambam2, jcvi, mtnucratio, picard, vep, sentieon, prokka, qc3C, nanostat, samblaster, samtools, sexdeterrmine, eigenstratdatabasetools, bamtools, jellyfish, vcftools, longranger, stacks, varscan2, snippy, bbmap, bismark, biscuit, hicexplorer, hicup, hicpro, salmon, kallisto, slamdunk, star, hisat2, tophat, bowtie2, bowtie1, snpsplit, odgi, pangolin, kat, leehom, adapterRemoval, clipandmerge, cutadapt, flexbar, kaiju, kraken, malt, trimmomatic, sickle, skewer, sortmerna, biobloomtools, fastq_screen, afterqc, fastp, fastqc, pychopper, pycoqc, minionqc, multivcfanalyzer, clusterflow, checkqc, bcl2fastq, bclconvert, interop, ivar, flash, seqyclean, optitype, whatshap
[2026-06-02 11:52:38,994] multiqc                                            [DEBUG  ]  Using temporary directory for creating report: /tmp/tmpljbhfm7o
[2026-06-02 11:52:39,359] multiqc                                            [INFO   ]  Search path : /project/pi_hputnam_uri_edu/zdellaert/Porites_LCM_test/output_RNA/trimmed_fastp_qc
[2026-06-02 11:52:39,414] multiqc                                            [DEBUG  ]  File ignored by ccs/v4 because it exceeded search pattern filesize limit: POR_34_S82_fastp.html
[2026-06-02 11:52:39,416] multiqc                                            [DEBUG  ]  File ignored by hicexplorer because it exceeded search pattern filesize limit: POR_34_S82_fastp.html
[2026-06-02 11:52:39,417] multiqc                                            [DEBUG  ]  File ignored by lima/summary because it exceeded search pattern filesize limit: POR_34_S82_fastp.html
[2026-06-02 11:52:39,422] multiqc                                            [DEBUG  ]  File ignored by vep/vep_html because it exceeded search pattern filesize limit: POR_34_S82_fastp.html
[2026-06-02 11:52:39,422] multiqc                                            [DEBUG  ]  File ignored by vep/vep_txt because it exceeded search pattern filesize limit: POR_34_S82_fastp.html
[2026-06-02 11:52:39,422] multiqc                                            [DEBUG  ]  File ignored by longranger/invocation because it exceeded search pattern filesize limit: POR_34_S82_fastp.html
[2026-06-02 11:52:39,422] multiqc                                            [DEBUG  ]  File ignored by rockhopper because it exceeded search pattern filesize limit: POR_34_S82_fastp.html
[2026-06-02 11:52:39,422] multiqc                                            [DEBUG  ]  File ignored by rseqc/bam_stat because it exceeded search pattern filesize limit: POR_34_S82_fastp.html
[2026-06-02 11:52:39,422] multiqc                                            [DEBUG  ]  File ignored by rseqc/junction_annotation because it exceeded search pattern filesize limit: POR_34_S82_fastp.html
[2026-06-02 11:52:39,423] multiqc                                            [DEBUG  ]  File ignored by rseqc/read_distribution because it exceeded search pattern filesize limit: POR_34_S82_fastp.html
[2026-06-02 11:52:39,423] multiqc                                            [DEBUG  ]  File ignored by rseqc/infer_experiment because it exceeded search pattern filesize limit: POR_34_S82_fastp.html
[2026-06-02 11:52:39,447] multiqc                                            [DEBUG  ]  File ignored by stacks/sumstats because it exceeded search pattern filesize limit: POR_34_S82_fastp.html
[2026-06-02 11:52:39,865] multiqc                                            [DEBUG  ]  File ignored by nanostat because it exceeded search pattern filesize limit: POR_34_S82_fastp.html
[2026-06-02 11:52:39,899] multiqc                                            [DEBUG  ]  File ignored by ccs/v4 because it exceeded search pattern filesize limit: POR_13_S81_fastp.html
[2026-06-02 11:52:39,901] multiqc                                            [DEBUG  ]  File ignored by hicexplorer because it exceeded search pattern filesize limit: POR_13_S81_fastp.html
[2026-06-02 11:52:39,901] multiqc                                            [DEBUG  ]  File ignored by lima/summary because it exceeded search pattern filesize limit: POR_13_S81_fastp.html
[2026-06-02 11:52:39,904] multiqc                                            [DEBUG  ]  File ignored by vep/vep_html because it exceeded search pattern filesize limit: POR_13_S81_fastp.html
[2026-06-02 11:52:39,904] multiqc                                            [DEBUG  ]  File ignored by vep/vep_txt because it exceeded search pattern filesize limit: POR_13_S81_fastp.html
[2026-06-02 11:52:39,904] multiqc                                            [DEBUG  ]  File ignored by longranger/invocation because it exceeded search pattern filesize limit: POR_13_S81_fastp.html
[2026-06-02 11:52:39,904] multiqc                                            [DEBUG  ]  File ignored by rockhopper because it exceeded search pattern filesize limit: POR_13_S81_fastp.html
[2026-06-02 11:52:39,904] multiqc                                            [DEBUG  ]  File ignored by rseqc/bam_stat because it exceeded search pattern filesize limit: POR_13_S81_fastp.html
[2026-06-02 11:52:39,905] multiqc                                            [DEBUG  ]  File ignored by rseqc/junction_annotation because it exceeded search pattern filesize limit: POR_13_S81_fastp.html
[2026-06-02 11:52:39,905] multiqc                                            [DEBUG  ]  File ignored by rseqc/read_distribution because it exceeded search pattern filesize limit: POR_13_S81_fastp.html
[2026-06-02 11:52:39,905] multiqc                                            [DEBUG  ]  File ignored by rseqc/infer_experiment because it exceeded search pattern filesize limit: POR_13_S81_fastp.html
[2026-06-02 11:52:39,905] multiqc                                            [DEBUG  ]  File ignored by snpeff because it exceeded search pattern filesize limit: POR_13_S81_fastp.html
[2026-06-02 11:52:39,905] multiqc                                            [DEBUG  ]  File ignored by stacks/sumstats because it exceeded search pattern filesize limit: POR_13_S81_fastp.html
[2026-06-02 11:52:40,630] multiqc                                            [DEBUG  ]  File ignored by nanostat because it exceeded search pattern filesize limit: POR_13_S81_fastp.html
[2026-06-02 11:52:40,673] multiqc                                            [DEBUG  ]  File ignored by ccs/v4 because it exceeded search pattern filesize limit: POR_61_S83_fastp.html
[2026-06-02 11:52:40,675] multiqc                                            [DEBUG  ]  File ignored by hicexplorer because it exceeded search pattern filesize limit: POR_61_S83_fastp.html
[2026-06-02 11:52:40,675] multiqc                                            [DEBUG  ]  File ignored by lima/summary because it exceeded search pattern filesize limit: POR_61_S83_fastp.html
[2026-06-02 11:52:40,678] multiqc                                            [DEBUG  ]  File ignored by vep/vep_html because it exceeded search pattern filesize limit: POR_61_S83_fastp.html
[2026-06-02 11:52:40,678] multiqc                                            [DEBUG  ]  File ignored by vep/vep_txt because it exceeded search pattern filesize limit: POR_61_S83_fastp.html
[2026-06-02 11:52:40,678] multiqc                                            [DEBUG  ]  File ignored by longranger/invocation because it exceeded search pattern filesize limit: POR_61_S83_fastp.html
[2026-06-02 11:52:40,678] multiqc                                            [DEBUG  ]  File ignored by rockhopper because it exceeded search pattern filesize limit: POR_61_S83_fastp.html
[2026-06-02 11:52:40,678] multiqc                                            [DEBUG  ]  File ignored by rseqc/bam_stat because it exceeded search pattern filesize limit: POR_61_S83_fastp.html
[2026-06-02 11:52:40,678] multiqc                                            [DEBUG  ]  File ignored by rseqc/junction_annotation because it exceeded search pattern filesize limit: POR_61_S83_fastp.html
[2026-06-02 11:52:40,678] multiqc                                            [DEBUG  ]  File ignored by rseqc/read_distribution because it exceeded search pattern filesize limit: POR_61_S83_fastp.html
[2026-06-02 11:52:40,678] multiqc                                            [DEBUG  ]  File ignored by rseqc/infer_experiment because it exceeded search pattern filesize limit: POR_61_S83_fastp.html
[2026-06-02 11:52:40,711] multiqc                                            [DEBUG  ]  File ignored by stacks/sumstats because it exceeded search pattern filesize limit: POR_61_S83_fastp.html
[2026-06-02 11:52:41,158] multiqc                                            [DEBUG  ]  File ignored by nanostat because it exceeded search pattern filesize limit: POR_61_S83_fastp.html
[2026-06-02 11:52:41,195] multiqc                                            [DEBUG  ]  File ignored by ccs/v4 because it exceeded search pattern filesize limit: POR_13_S81_R1_trim_fastqc.html
[2026-06-02 11:52:41,197] multiqc                                            [DEBUG  ]  File ignored by hicexplorer because it exceeded search pattern filesize limit: POR_13_S81_R1_trim_fastqc.html
[2026-06-02 11:52:41,197] multiqc                                            [DEBUG  ]  File ignored by lima/summary because it exceeded search pattern filesize limit: POR_13_S81_R1_trim_fastqc.html
[2026-06-02 11:52:41,200] multiqc                                            [DEBUG  ]  File ignored by vep/vep_txt because it exceeded search pattern filesize limit: POR_13_S81_R1_trim_fastqc.html
[2026-06-02 11:52:41,200] multiqc                                            [DEBUG  ]  File ignored by longranger/invocation because it exceeded search pattern filesize limit: POR_13_S81_R1_trim_fastqc.html
[2026-06-02 11:52:41,200] multiqc                                            [DEBUG  ]  File ignored by rockhopper because it exceeded search pattern filesize limit: POR_13_S81_R1_trim_fastqc.html
[2026-06-02 11:52:41,200] multiqc                                            [DEBUG  ]  File ignored by rseqc/bam_stat because it exceeded search pattern filesize limit: POR_13_S81_R1_trim_fastqc.html
[2026-06-02 11:52:41,200] multiqc                                            [DEBUG  ]  File ignored by rseqc/junction_annotation because it exceeded search pattern filesize limit: POR_13_S81_R1_trim_fastqc.html
[2026-06-02 11:52:41,200] multiqc                                            [DEBUG  ]  File ignored by rseqc/read_distribution because it exceeded search pattern filesize limit: POR_13_S81_R1_trim_fastqc.html
[2026-06-02 11:52:41,200] multiqc                                            [DEBUG  ]  File ignored by rseqc/infer_experiment because it exceeded search pattern filesize limit: POR_13_S81_R1_trim_fastqc.html
[2026-06-02 11:52:41,238] multiqc                                            [DEBUG  ]  File ignored by nanostat because it exceeded search pattern filesize limit: POR_13_S81_R1_trim_fastqc.html
[2026-06-02 11:52:41,253] multiqc                                            [DEBUG  ]  File ignored by ccs/v4 because it exceeded search pattern filesize limit: POR_13_S81_R2_trim_fastqc.html
[2026-06-02 11:52:41,254] multiqc                                            [DEBUG  ]  File ignored by hicexplorer because it exceeded search pattern filesize limit: POR_13_S81_R2_trim_fastqc.html
[2026-06-02 11:52:41,255] multiqc                                            [DEBUG  ]  File ignored by lima/summary because it exceeded search pattern filesize limit: POR_13_S81_R2_trim_fastqc.html
[2026-06-02 11:52:41,258] multiqc                                            [DEBUG  ]  File ignored by vep/vep_txt because it exceeded search pattern filesize limit: POR_13_S81_R2_trim_fastqc.html
[2026-06-02 11:52:41,258] multiqc                                            [DEBUG  ]  File ignored by longranger/invocation because it exceeded search pattern filesize limit: POR_13_S81_R2_trim_fastqc.html
[2026-06-02 11:52:41,258] multiqc                                            [DEBUG  ]  File ignored by rockhopper because it exceeded search pattern filesize limit: POR_13_S81_R2_trim_fastqc.html
[2026-06-02 11:52:41,258] multiqc                                            [DEBUG  ]  File ignored by rseqc/bam_stat because it exceeded search pattern filesize limit: POR_13_S81_R2_trim_fastqc.html
[2026-06-02 11:52:41,258] multiqc                                            [DEBUG  ]  File ignored by rseqc/junction_annotation because it exceeded search pattern filesize limit: POR_13_S81_R2_trim_fastqc.html
[2026-06-02 11:52:41,258] multiqc                                            [DEBUG  ]  File ignored by rseqc/read_distribution because it exceeded search pattern filesize limit: POR_13_S81_R2_trim_fastqc.html
[2026-06-02 11:52:41,258] multiqc                                            [DEBUG  ]  File ignored by rseqc/infer_experiment because it exceeded search pattern filesize limit: POR_13_S81_R2_trim_fastqc.html
[2026-06-02 11:52:41,300] multiqc                                            [DEBUG  ]  File ignored by nanostat because it exceeded search pattern filesize limit: POR_13_S81_R2_trim_fastqc.html
[2026-06-02 11:52:41,314] multiqc                                            [DEBUG  ]  File ignored by ccs/v4 because it exceeded search pattern filesize limit: POR_34_S82_R1_trim_fastqc.html
[2026-06-02 11:52:41,316] multiqc                                            [DEBUG  ]  File ignored by hicexplorer because it exceeded search pattern filesize limit: POR_34_S82_R1_trim_fastqc.html
[2026-06-02 11:52:41,316] multiqc                                            [DEBUG  ]  File ignored by lima/summary because it exceeded search pattern filesize limit: POR_34_S82_R1_trim_fastqc.html
[2026-06-02 11:52:41,319] multiqc                                            [DEBUG  ]  File ignored by vep/vep_txt because it exceeded search pattern filesize limit: POR_34_S82_R1_trim_fastqc.html
[2026-06-02 11:52:41,319] multiqc                                            [DEBUG  ]  File ignored by longranger/invocation because it exceeded search pattern filesize limit: POR_34_S82_R1_trim_fastqc.html
[2026-06-02 11:52:41,319] multiqc                                            [DEBUG  ]  File ignored by rockhopper because it exceeded search pattern filesize limit: POR_34_S82_R1_trim_fastqc.html
[2026-06-02 11:52:41,319] multiqc                                            [DEBUG  ]  File ignored by rseqc/bam_stat because it exceeded search pattern filesize limit: POR_34_S82_R1_trim_fastqc.html
[2026-06-02 11:52:41,319] multiqc                                            [DEBUG  ]  File ignored by rseqc/junction_annotation because it exceeded search pattern filesize limit: POR_34_S82_R1_trim_fastqc.html
[2026-06-02 11:52:41,319] multiqc                                            [DEBUG  ]  File ignored by rseqc/read_distribution because it exceeded search pattern filesize limit: POR_34_S82_R1_trim_fastqc.html
[2026-06-02 11:52:41,319] multiqc                                            [DEBUG  ]  File ignored by rseqc/infer_experiment because it exceeded search pattern filesize limit: POR_34_S82_R1_trim_fastqc.html
[2026-06-02 11:52:41,355] multiqc                                            [DEBUG  ]  File ignored by nanostat because it exceeded search pattern filesize limit: POR_34_S82_R1_trim_fastqc.html
[2026-06-02 11:52:41,369] multiqc                                            [DEBUG  ]  File ignored by ccs/v4 because it exceeded search pattern filesize limit: POR_34_S82_R2_trim_fastqc.html
[2026-06-02 11:52:41,371] multiqc                                            [DEBUG  ]  File ignored by hicexplorer because it exceeded search pattern filesize limit: POR_34_S82_R2_trim_fastqc.html
[2026-06-02 11:52:41,371] multiqc                                            [DEBUG  ]  File ignored by lima/summary because it exceeded search pattern filesize limit: POR_34_S82_R2_trim_fastqc.html
[2026-06-02 11:52:41,374] multiqc                                            [DEBUG  ]  File ignored by vep/vep_txt because it exceeded search pattern filesize limit: POR_34_S82_R2_trim_fastqc.html
[2026-06-02 11:52:41,374] multiqc                                            [DEBUG  ]  File ignored by longranger/invocation because it exceeded search pattern filesize limit: POR_34_S82_R2_trim_fastqc.html
[2026-06-02 11:52:41,374] multiqc                                            [DEBUG  ]  File ignored by rockhopper because it exceeded search pattern filesize limit: POR_34_S82_R2_trim_fastqc.html
[2026-06-02 11:52:41,374] multiqc                                            [DEBUG  ]  File ignored by rseqc/bam_stat because it exceeded search pattern filesize limit: POR_34_S82_R2_trim_fastqc.html
[2026-06-02 11:52:41,374] multiqc                                            [DEBUG  ]  File ignored by rseqc/junction_annotation because it exceeded search pattern filesize limit: POR_34_S82_R2_trim_fastqc.html
[2026-06-02 11:52:41,374] multiqc                                            [DEBUG  ]  File ignored by rseqc/read_distribution because it exceeded search pattern filesize limit: POR_34_S82_R2_trim_fastqc.html
[2026-06-02 11:52:41,374] multiqc                                            [DEBUG  ]  File ignored by rseqc/infer_experiment because it exceeded search pattern filesize limit: POR_34_S82_R2_trim_fastqc.html
[2026-06-02 11:52:41,409] multiqc                                            [DEBUG  ]  File ignored by nanostat because it exceeded search pattern filesize limit: POR_34_S82_R2_trim_fastqc.html
[2026-06-02 11:52:41,423] multiqc                                            [DEBUG  ]  File ignored by ccs/v4 because it exceeded search pattern filesize limit: POR_61_S83_R2_trim_fastqc.html
[2026-06-02 11:52:41,425] multiqc                                            [DEBUG  ]  File ignored by hicexplorer because it exceeded search pattern filesize limit: POR_61_S83_R2_trim_fastqc.html
[2026-06-02 11:52:41,425] multiqc                                            [DEBUG  ]  File ignored by lima/summary because it exceeded search pattern filesize limit: POR_61_S83_R2_trim_fastqc.html
[2026-06-02 11:52:41,428] multiqc                                            [DEBUG  ]  File ignored by vep/vep_txt because it exceeded search pattern filesize limit: POR_61_S83_R2_trim_fastqc.html
[2026-06-02 11:52:41,428] multiqc                                            [DEBUG  ]  File ignored by longranger/invocation because it exceeded search pattern filesize limit: POR_61_S83_R2_trim_fastqc.html
[2026-06-02 11:52:41,428] multiqc                                            [DEBUG  ]  File ignored by rockhopper because it exceeded search pattern filesize limit: POR_61_S83_R2_trim_fastqc.html
[2026-06-02 11:52:41,428] multiqc                                            [DEBUG  ]  File ignored by rseqc/bam_stat because it exceeded search pattern filesize limit: POR_61_S83_R2_trim_fastqc.html
[2026-06-02 11:52:41,428] multiqc                                            [DEBUG  ]  File ignored by rseqc/junction_annotation because it exceeded search pattern filesize limit: POR_61_S83_R2_trim_fastqc.html
[2026-06-02 11:52:41,428] multiqc                                            [DEBUG  ]  File ignored by rseqc/read_distribution because it exceeded search pattern filesize limit: POR_61_S83_R2_trim_fastqc.html
[2026-06-02 11:52:41,428] multiqc                                            [DEBUG  ]  File ignored by rseqc/infer_experiment because it exceeded search pattern filesize limit: POR_61_S83_R2_trim_fastqc.html
[2026-06-02 11:52:41,463] multiqc                                            [DEBUG  ]  File ignored by nanostat because it exceeded search pattern filesize limit: POR_61_S83_R2_trim_fastqc.html
[2026-06-02 11:52:41,478] multiqc                                            [DEBUG  ]  File ignored by ccs/v4 because it exceeded search pattern filesize limit: POR_61_S83_R1_trim_fastqc.html
[2026-06-02 11:52:41,479] multiqc                                            [DEBUG  ]  File ignored by hicexplorer because it exceeded search pattern filesize limit: POR_61_S83_R1_trim_fastqc.html
[2026-06-02 11:52:41,479] multiqc                                            [DEBUG  ]  File ignored by lima/summary because it exceeded search pattern filesize limit: POR_61_S83_R1_trim_fastqc.html
[2026-06-02 11:52:41,482] multiqc                                            [DEBUG  ]  File ignored by vep/vep_txt because it exceeded search pattern filesize limit: POR_61_S83_R1_trim_fastqc.html
[2026-06-02 11:52:41,482] multiqc                                            [DEBUG  ]  File ignored by longranger/invocation because it exceeded search pattern filesize limit: POR_61_S83_R1_trim_fastqc.html
[2026-06-02 11:52:41,482] multiqc                                            [DEBUG  ]  File ignored by rockhopper because it exceeded search pattern filesize limit: POR_61_S83_R1_trim_fastqc.html
[2026-06-02 11:52:41,482] multiqc                                            [DEBUG  ]  File ignored by rseqc/bam_stat because it exceeded search pattern filesize limit: POR_61_S83_R1_trim_fastqc.html
[2026-06-02 11:52:41,482] multiqc                                            [DEBUG  ]  File ignored by rseqc/junction_annotation because it exceeded search pattern filesize limit: POR_61_S83_R1_trim_fastqc.html
[2026-06-02 11:52:41,482] multiqc                                            [DEBUG  ]  File ignored by rseqc/read_distribution because it exceeded search pattern filesize limit: POR_61_S83_R1_trim_fastqc.html
[2026-06-02 11:52:41,482] multiqc                                            [DEBUG  ]  File ignored by rseqc/infer_experiment because it exceeded search pattern filesize limit: POR_61_S83_R1_trim_fastqc.html
[2026-06-02 11:52:41,525] multiqc                                            [DEBUG  ]  File ignored by nanostat because it exceeded search pattern filesize limit: POR_61_S83_R1_trim_fastqc.html
[2026-06-02 11:52:44,239] multiqc.plots.bargraph                             [DEBUG  ]  Using matplotlib version 3.4.3
[2026-06-02 11:52:44,245] multiqc.plots.linegraph                            [DEBUG  ]  Using matplotlib version 3.4.3
[2026-06-02 11:52:44,444] multiqc.modules.fastp.fastp                        [DEBUG  ]  No duplication rate plot data: POR_34_S82_fastp.json
[2026-06-02 11:52:44,469] multiqc.modules.fastp.fastp                        [DEBUG  ]  No duplication rate plot data: POR_13_S81_fastp.json
[2026-06-02 11:52:44,487] multiqc.modules.fastp.fastp                        [DEBUG  ]  No duplication rate plot data: POR_61_S83_fastp.json
[2026-06-02 11:52:44,490] multiqc.modules.fastp.fastp                        [INFO   ]  Found 3 reports
[2026-06-02 11:52:45,355] multiqc.modules.fastqc.fastqc                      [INFO   ]  Found 6 reports
[2026-06-02 11:52:45,550] multiqc                                            [INFO   ]  Compressing plot data
[2026-06-02 11:52:45,960] multiqc                                            [INFO   ]  Report      : multiqc_report.html
[2026-06-02 11:52:45,961] multiqc                                            [INFO   ]  Data        : multiqc_data
[2026-06-02 11:52:45,961] multiqc                                            [DEBUG  ]  Moving data file from '/tmp/tmpljbhfm7o/multiqc_data' to '/project/pi_hputnam_uri_edu/zdellaert/Porites_LCM_test/output_RNA/trimmed_fastp_qc/multiqc_data'
[2026-06-02 11:52:46,745] multiqc                                            [INFO   ]  MultiQC complete
