
               ________          __              
              / ____/ /__  _  __/ /_  ____ ______
             / /_  / / _ \| |/ / __ \/ __ `/ ___/
            / __/ / /  __/>  </ /_/ / /_/ / /    
           /_/   /_/\___/_/|_/_.___/\__._/_/     

Flexbar - flexible barcode and adapter removal, version 3.5.0
Developed with SeqAn, the library for sequence analysis

Available on github.com/seqan/flexbar


Local time:            Tue Jun  2 03:21:59 2026

Number of threads:     4
Bundled fragments:     256

Target name:           flexbarOut
File type:             fastq
Reads file:            /project/pi_hputnam_uri_edu/zdellaert/Porites_LCM_test/data_RNA/POR_61_S83_R1_001.fastq.gz
Reads file 2:          /project/pi_hputnam_uri_edu/zdellaert/Porites_LCM_test/data_RNA/POR_61_S83_R2_001.fastq.gz   (paired run)
Adapter file:          /project/pi_hputnam_uri_edu/zdellaert/Porites_LCM_test/data_RNA/oligo_fastas/tso_g_wo_hp.fasta

max-uncalled:          0
min-read-length:       2
htrim-left:            GT
htrim-right:           CA
htrim-min-length:      3
htrim-max-length:      5
htrim-max-first:       on
htrim-error-rate:      0.1
htrim-adapter:         on

adapter-trim-end:      LEFT
adapter-revcomp:       ON
adapter-revcomp-end:   RIGHT
adapter-min-overlap:   3
adapter-error-rate:    0.1
adapter-match:         1
adapter-mismatch:     -1
adapter-gap:          -6

Adapter:               Sequence:
tso_pcr_wo_g_fwd       AAGCAGTGGTATCAACGCAGAGTACAT
tso_pcr_wo_g_fwd_rc    ATGTACTCTGCGTTGATACCACTGCTT
tso_pcr_fwd            AAGCAGTGGTATCAACGCAGAGTAC
tso_pcr_fwd_rc         GTACTCTGCGTTGATACCACTGCTT
tso_full_wo_g_fwd      GCTAATCATTGCAAGCAGTGGTATCAACGCAGAGTACAT
tso_full_wo_g_fwd_rc   ATGTACTCTGCGTTGATACCACTGCTTGCAATGATTAGC
tso_full_wo_t_fwd      GCTAATCATTGCAAGCAGTGGTATCAACGCAGAGTAC
tso_full_wo_t_fwd_rc   GTACTCTGCGTTGATACCACTGCTTGCAATGATTAGC


Processing reads ...