[2026-06-02 10:23:26,670] multiqc                                            [DEBUG  ]  This is MultiQC v1.12
[2026-06-02 10:23:26,673] multiqc                                            [DEBUG  ]  No MultiQC config found: /modules/uri_apps/software/MultiQC/1.12-foss-2021b/lib/python3.9/site-packages/multiqc_config.yaml
[2026-06-02 10:23:26,675] multiqc                                            [DEBUG  ]  No MultiQC config found: /home/zdellaert_uri_edu/.multiqc_config.yaml
[2026-06-02 10:23:26,676] multiqc                                            [DEBUG  ]  No MultiQC config found: multiqc_config.yaml
[2026-06-02 10:23:26,676] multiqc                                            [DEBUG  ]  Command used: /modules/uri_apps/software/MultiQC/1.12-foss-2021b/bin/multiqc --interactive .
[2026-06-02 10:23:27,462] multiqc                                            [WARNING]  MultiQC Version v1.35 now available!
[2026-06-02 10:23:27,462] multiqc                                            [DEBUG  ]  Command     : /modules/uri_apps/software/MultiQC/1.12-foss-2021b/bin/multiqc --interactive .
[2026-06-02 10:23:27,462] multiqc                                            [DEBUG  ]  Working dir : /project/pi_hputnam_uri_edu/zdellaert/Porites_LCM_test/output_RNA/trimmed_qc
[2026-06-02 10:23:27,462] multiqc                                            [DEBUG  ]  Template    : default
[2026-06-02 10:23:27,462] multiqc                                            [DEBUG  ]  Running Python 3.9.6 (default, Nov 15 2024, 16:57:16)  [GCC 11.2.0]
[2026-06-02 10:23:27,463] multiqc                                            [DEBUG  ]  Analysing modules: custom_content, ccs, ngsderive, purple, conpair, lima, peddy, somalier, methylQA, mosdepth, phantompeakqualtools, qualimap, preseq, quast, qorts, rna_seqc, rockhopper, rsem, rseqc, busco, bustools, goleft_indexcov, gffcompare, disambiguate, supernova, deeptools, sargasso, verifybamid, mirtrace, happy, mirtop, sambamba, homer, hops, macs2, theta2, snpeff, gatk, htseq, bcftools, featureCounts, fgbio, dragen, dedup, pbmarkdup, damageprofiler, biobambam2, jcvi, mtnucratio, picard, vep, sentieon, prokka, qc3C, nanostat, samblaster, samtools, sexdeterrmine, eigenstratdatabasetools, bamtools, jellyfish, vcftools, longranger, stacks, varscan2, snippy, bbmap, bismark, biscuit, hicexplorer, hicup, hicpro, salmon, kallisto, slamdunk, star, hisat2, tophat, bowtie2, bowtie1, snpsplit, odgi, pangolin, kat, leehom, adapterRemoval, clipandmerge, cutadapt, flexbar, kaiju, kraken, malt, trimmomatic, sickle, skewer, sortmerna, biobloomtools, fastq_screen, afterqc, fastp, fastqc, pychopper, pycoqc, minionqc, multivcfanalyzer, clusterflow, checkqc, bcl2fastq, bclconvert, interop, ivar, flash, seqyclean, optitype, whatshap
[2026-06-02 10:23:27,464] multiqc                                            [DEBUG  ]  Using temporary directory for creating report: /tmp/tmpac78kev4
[2026-06-02 10:23:27,839] multiqc                                            [INFO   ]  Search path : /project/pi_hputnam_uri_edu/zdellaert/Porites_LCM_test/output_RNA/trimmed_qc
[2026-06-02 10:23:27,886] multiqc                                            [DEBUG  ]  File ignored by ccs/v4 because it exceeded search pattern filesize limit: POR_34_S82_flexbar_1_fastqc.html
[2026-06-02 10:23:27,887] multiqc                                            [DEBUG  ]  File ignored by hicexplorer because it exceeded search pattern filesize limit: POR_34_S82_flexbar_1_fastqc.html
[2026-06-02 10:23:27,887] multiqc                                            [DEBUG  ]  File ignored by lima/summary because it exceeded search pattern filesize limit: POR_34_S82_flexbar_1_fastqc.html
[2026-06-02 10:23:27,891] multiqc                                            [DEBUG  ]  File ignored by vep/vep_txt because it exceeded search pattern filesize limit: POR_34_S82_flexbar_1_fastqc.html
[2026-06-02 10:23:27,892] multiqc                                            [DEBUG  ]  File ignored by longranger/invocation because it exceeded search pattern filesize limit: POR_34_S82_flexbar_1_fastqc.html
[2026-06-02 10:23:27,892] multiqc                                            [DEBUG  ]  File ignored by rockhopper because it exceeded search pattern filesize limit: POR_34_S82_flexbar_1_fastqc.html
[2026-06-02 10:23:27,892] multiqc                                            [DEBUG  ]  File ignored by rseqc/bam_stat because it exceeded search pattern filesize limit: POR_34_S82_flexbar_1_fastqc.html
[2026-06-02 10:23:27,892] multiqc                                            [DEBUG  ]  File ignored by rseqc/junction_annotation because it exceeded search pattern filesize limit: POR_34_S82_flexbar_1_fastqc.html
[2026-06-02 10:23:27,892] multiqc                                            [DEBUG  ]  File ignored by rseqc/read_distribution because it exceeded search pattern filesize limit: POR_34_S82_flexbar_1_fastqc.html
[2026-06-02 10:23:27,892] multiqc                                            [DEBUG  ]  File ignored by rseqc/infer_experiment because it exceeded search pattern filesize limit: POR_34_S82_flexbar_1_fastqc.html
[2026-06-02 10:23:27,931] multiqc                                            [DEBUG  ]  File ignored by nanostat because it exceeded search pattern filesize limit: POR_34_S82_flexbar_1_fastqc.html
[2026-06-02 10:23:27,943] multiqc                                            [DEBUG  ]  File ignored by ccs/v4 because it exceeded search pattern filesize limit: POR_13_S81_flexbar_1_fastqc.html
[2026-06-02 10:23:27,944] multiqc                                            [DEBUG  ]  File ignored by hicexplorer because it exceeded search pattern filesize limit: POR_13_S81_flexbar_1_fastqc.html
[2026-06-02 10:23:27,944] multiqc                                            [DEBUG  ]  File ignored by lima/summary because it exceeded search pattern filesize limit: POR_13_S81_flexbar_1_fastqc.html
[2026-06-02 10:23:27,945] multiqc                                            [DEBUG  ]  File ignored by vep/vep_txt because it exceeded search pattern filesize limit: POR_13_S81_flexbar_1_fastqc.html
[2026-06-02 10:23:27,945] multiqc                                            [DEBUG  ]  File ignored by longranger/invocation because it exceeded search pattern filesize limit: POR_13_S81_flexbar_1_fastqc.html
[2026-06-02 10:23:27,945] multiqc                                            [DEBUG  ]  File ignored by rockhopper because it exceeded search pattern filesize limit: POR_13_S81_flexbar_1_fastqc.html
[2026-06-02 10:23:27,945] multiqc                                            [DEBUG  ]  File ignored by rseqc/bam_stat because it exceeded search pattern filesize limit: POR_13_S81_flexbar_1_fastqc.html
[2026-06-02 10:23:27,945] multiqc                                            [DEBUG  ]  File ignored by rseqc/junction_annotation because it exceeded search pattern filesize limit: POR_13_S81_flexbar_1_fastqc.html
[2026-06-02 10:23:27,945] multiqc                                            [DEBUG  ]  File ignored by rseqc/read_distribution because it exceeded search pattern filesize limit: POR_13_S81_flexbar_1_fastqc.html
[2026-06-02 10:23:27,945] multiqc                                            [DEBUG  ]  File ignored by rseqc/infer_experiment because it exceeded search pattern filesize limit: POR_13_S81_flexbar_1_fastqc.html
[2026-06-02 10:23:27,977] multiqc                                            [DEBUG  ]  File ignored by nanostat because it exceeded search pattern filesize limit: POR_13_S81_flexbar_1_fastqc.html
[2026-06-02 10:23:27,987] multiqc                                            [DEBUG  ]  File ignored by ccs/v4 because it exceeded search pattern filesize limit: POR_13_S81_flexbar_2_fastqc.html
[2026-06-02 10:23:27,988] multiqc                                            [DEBUG  ]  File ignored by hicexplorer because it exceeded search pattern filesize limit: POR_13_S81_flexbar_2_fastqc.html
[2026-06-02 10:23:27,988] multiqc                                            [DEBUG  ]  File ignored by lima/summary because it exceeded search pattern filesize limit: POR_13_S81_flexbar_2_fastqc.html
[2026-06-02 10:23:27,990] multiqc                                            [DEBUG  ]  File ignored by vep/vep_txt because it exceeded search pattern filesize limit: POR_13_S81_flexbar_2_fastqc.html
[2026-06-02 10:23:27,990] multiqc                                            [DEBUG  ]  File ignored by longranger/invocation because it exceeded search pattern filesize limit: POR_13_S81_flexbar_2_fastqc.html
[2026-06-02 10:23:27,990] multiqc                                            [DEBUG  ]  File ignored by rockhopper because it exceeded search pattern filesize limit: POR_13_S81_flexbar_2_fastqc.html
[2026-06-02 10:23:27,990] multiqc                                            [DEBUG  ]  File ignored by rseqc/bam_stat because it exceeded search pattern filesize limit: POR_13_S81_flexbar_2_fastqc.html
[2026-06-02 10:23:27,990] multiqc                                            [DEBUG  ]  File ignored by rseqc/junction_annotation because it exceeded search pattern filesize limit: POR_13_S81_flexbar_2_fastqc.html
[2026-06-02 10:23:27,990] multiqc                                            [DEBUG  ]  File ignored by rseqc/read_distribution because it exceeded search pattern filesize limit: POR_13_S81_flexbar_2_fastqc.html
[2026-06-02 10:23:27,990] multiqc                                            [DEBUG  ]  File ignored by rseqc/infer_experiment because it exceeded search pattern filesize limit: POR_13_S81_flexbar_2_fastqc.html
[2026-06-02 10:23:28,021] multiqc                                            [DEBUG  ]  File ignored by nanostat because it exceeded search pattern filesize limit: POR_13_S81_flexbar_2_fastqc.html
[2026-06-02 10:23:28,031] multiqc                                            [DEBUG  ]  File ignored by ccs/v4 because it exceeded search pattern filesize limit: POR_61_S83_flexbar_2_fastqc.html
[2026-06-02 10:23:28,032] multiqc                                            [DEBUG  ]  File ignored by hicexplorer because it exceeded search pattern filesize limit: POR_61_S83_flexbar_2_fastqc.html
[2026-06-02 10:23:28,032] multiqc                                            [DEBUG  ]  File ignored by lima/summary because it exceeded search pattern filesize limit: POR_61_S83_flexbar_2_fastqc.html
[2026-06-02 10:23:28,033] multiqc                                            [DEBUG  ]  File ignored by vep/vep_txt because it exceeded search pattern filesize limit: POR_61_S83_flexbar_2_fastqc.html
[2026-06-02 10:23:28,033] multiqc                                            [DEBUG  ]  File ignored by longranger/invocation because it exceeded search pattern filesize limit: POR_61_S83_flexbar_2_fastqc.html
[2026-06-02 10:23:28,033] multiqc                                            [DEBUG  ]  File ignored by rockhopper because it exceeded search pattern filesize limit: POR_61_S83_flexbar_2_fastqc.html
[2026-06-02 10:23:28,034] multiqc                                            [DEBUG  ]  File ignored by rseqc/bam_stat because it exceeded search pattern filesize limit: POR_61_S83_flexbar_2_fastqc.html
[2026-06-02 10:23:28,034] multiqc                                            [DEBUG  ]  File ignored by rseqc/junction_annotation because it exceeded search pattern filesize limit: POR_61_S83_flexbar_2_fastqc.html
[2026-06-02 10:23:28,034] multiqc                                            [DEBUG  ]  File ignored by rseqc/read_distribution because it exceeded search pattern filesize limit: POR_61_S83_flexbar_2_fastqc.html
[2026-06-02 10:23:28,034] multiqc                                            [DEBUG  ]  File ignored by rseqc/infer_experiment because it exceeded search pattern filesize limit: POR_61_S83_flexbar_2_fastqc.html
[2026-06-02 10:23:28,067] multiqc                                            [DEBUG  ]  File ignored by nanostat because it exceeded search pattern filesize limit: POR_61_S83_flexbar_2_fastqc.html
[2026-06-02 10:23:28,074] multiqc                                            [DEBUG  ]  File ignored by ccs/v4 because it exceeded search pattern filesize limit: POR_61_S83_flexbar_1_fastqc.html
[2026-06-02 10:23:28,075] multiqc                                            [DEBUG  ]  File ignored by hicexplorer because it exceeded search pattern filesize limit: POR_61_S83_flexbar_1_fastqc.html
[2026-06-02 10:23:28,075] multiqc                                            [DEBUG  ]  File ignored by lima/summary because it exceeded search pattern filesize limit: POR_61_S83_flexbar_1_fastqc.html
[2026-06-02 10:23:28,076] multiqc                                            [DEBUG  ]  File ignored by vep/vep_txt because it exceeded search pattern filesize limit: POR_61_S83_flexbar_1_fastqc.html
[2026-06-02 10:23:28,076] multiqc                                            [DEBUG  ]  File ignored by longranger/invocation because it exceeded search pattern filesize limit: POR_61_S83_flexbar_1_fastqc.html
[2026-06-02 10:23:28,076] multiqc                                            [DEBUG  ]  File ignored by rockhopper because it exceeded search pattern filesize limit: POR_61_S83_flexbar_1_fastqc.html
[2026-06-02 10:23:28,076] multiqc                                            [DEBUG  ]  File ignored by rseqc/bam_stat because it exceeded search pattern filesize limit: POR_61_S83_flexbar_1_fastqc.html
[2026-06-02 10:23:28,076] multiqc                                            [DEBUG  ]  File ignored by rseqc/junction_annotation because it exceeded search pattern filesize limit: POR_61_S83_flexbar_1_fastqc.html
[2026-06-02 10:23:28,076] multiqc                                            [DEBUG  ]  File ignored by rseqc/read_distribution because it exceeded search pattern filesize limit: POR_61_S83_flexbar_1_fastqc.html
[2026-06-02 10:23:28,077] multiqc                                            [DEBUG  ]  File ignored by rseqc/infer_experiment because it exceeded search pattern filesize limit: POR_61_S83_flexbar_1_fastqc.html
[2026-06-02 10:23:28,107] multiqc                                            [DEBUG  ]  File ignored by nanostat because it exceeded search pattern filesize limit: POR_61_S83_flexbar_1_fastqc.html
[2026-06-02 10:23:28,117] multiqc                                            [DEBUG  ]  File ignored by ccs/v4 because it exceeded search pattern filesize limit: POR_34_S82_flexbar_2_fastqc.html
[2026-06-02 10:23:28,118] multiqc                                            [DEBUG  ]  File ignored by hicexplorer because it exceeded search pattern filesize limit: POR_34_S82_flexbar_2_fastqc.html
[2026-06-02 10:23:28,118] multiqc                                            [DEBUG  ]  File ignored by lima/summary because it exceeded search pattern filesize limit: POR_34_S82_flexbar_2_fastqc.html
[2026-06-02 10:23:28,120] multiqc                                            [DEBUG  ]  File ignored by vep/vep_txt because it exceeded search pattern filesize limit: POR_34_S82_flexbar_2_fastqc.html
[2026-06-02 10:23:28,120] multiqc                                            [DEBUG  ]  File ignored by longranger/invocation because it exceeded search pattern filesize limit: POR_34_S82_flexbar_2_fastqc.html
[2026-06-02 10:23:28,120] multiqc                                            [DEBUG  ]  File ignored by rockhopper because it exceeded search pattern filesize limit: POR_34_S82_flexbar_2_fastqc.html
[2026-06-02 10:23:28,120] multiqc                                            [DEBUG  ]  File ignored by rseqc/bam_stat because it exceeded search pattern filesize limit: POR_34_S82_flexbar_2_fastqc.html
[2026-06-02 10:23:28,120] multiqc                                            [DEBUG  ]  File ignored by rseqc/junction_annotation because it exceeded search pattern filesize limit: POR_34_S82_flexbar_2_fastqc.html
[2026-06-02 10:23:28,120] multiqc                                            [DEBUG  ]  File ignored by rseqc/read_distribution because it exceeded search pattern filesize limit: POR_34_S82_flexbar_2_fastqc.html
[2026-06-02 10:23:28,120] multiqc                                            [DEBUG  ]  File ignored by rseqc/infer_experiment because it exceeded search pattern filesize limit: POR_34_S82_flexbar_2_fastqc.html
[2026-06-02 10:23:28,158] multiqc                                            [DEBUG  ]  File ignored by nanostat because it exceeded search pattern filesize limit: POR_34_S82_flexbar_2_fastqc.html
[2026-06-02 10:23:30,942] multiqc.plots.linegraph                            [DEBUG  ]  Using matplotlib version 3.4.3
[2026-06-02 10:23:30,951] multiqc.plots.bargraph                             [DEBUG  ]  Using matplotlib version 3.4.3
[2026-06-02 10:23:31,611] multiqc.modules.fastqc.fastqc                      [INFO   ]  Found 6 reports
[2026-06-02 10:23:31,687] multiqc                                            [INFO   ]  Compressing plot data
[2026-06-02 10:23:31,747] multiqc                                            [INFO   ]  Report      : multiqc_report.html
[2026-06-02 10:23:31,747] multiqc                                            [INFO   ]  Data        : multiqc_data
[2026-06-02 10:23:31,747] multiqc                                            [DEBUG  ]  Moving data file from '/tmp/tmpac78kev4/multiqc_data' to '/project/pi_hputnam_uri_edu/zdellaert/Porites_LCM_test/output_RNA/trimmed_qc/multiqc_data'
[2026-06-02 10:23:32,255] multiqc                                            [INFO   ]  MultiQC complete
